2025-01-09T12:07:18.186+0100 INFO               [main]                         be.pxl.services.PostServiceApplication - Starting PostServiceApplication using Java 17.0.5 with PID 1425 (/Users/betytullah/Desktop/3AON 2024-2025/Java/project-BeytullahDuzenliPXL/backend-java/NewsArticlePXL/post-service/target/classes started by betytullah in /Users/betytullah/Desktop/3AON 2024-2025/Java/project-BeytullahDuzenliPXL/backend-java/NewsArticlePXL)
2025-01-09T12:07:18.188+0100 DEBUG              [main]                         be.pxl.services.PostServiceApplication - Running with Spring Boot v3.3.5, Spring v6.1.14
2025-01-09T12:07:18.189+0100 INFO               [main]                         be.pxl.services.PostServiceApplication - No active profile set, falling back to 1 default profile: "default"
2025-01-09T12:07:21.457+0100 INFO               [main]                         be.pxl.services.PostServiceApplication - Started PostServiceApplication in 3.918 seconds (process running for 4.511)
2025-01-09T12:29:34.327+0100 INFO               [main]                         be.pxl.services.PostServiceApplication - Starting PostServiceApplication using Java 17.0.5 with PID 1823 (/Users/betytullah/Desktop/3AON 2024-2025/Java/project-BeytullahDuzenliPXL/backend-java/NewsArticlePXL/post-service/target/classes started by betytullah in /Users/betytullah/Desktop/3AON 2024-2025/Java/project-BeytullahDuzenliPXL/backend-java/NewsArticlePXL)
2025-01-09T12:29:34.328+0100 DEBUG              [main]                         be.pxl.services.PostServiceApplication - Running with Spring Boot v3.3.5, Spring v6.1.14
2025-01-09T12:29:34.329+0100 INFO               [main]                         be.pxl.services.PostServiceApplication - No active profile set, falling back to 1 default profile: "default"
2025-01-09T12:29:37.502+0100 INFO               [main]                         be.pxl.services.PostServiceApplication - Started PostServiceApplication in 3.95 seconds (process running for 4.417)
2025-01-09T13:45:40.849+0100 INFO               [main]                         be.pxl.services.PostServiceApplication - Starting PostServiceApplication using Java 17.0.5 with PID 2942 (/Users/betytullah/Desktop/3AON 2024-2025/Java/project-BeytullahDuzenliPXL/backend-java/NewsArticlePXL/post-service/target/classes started by betytullah in /Users/betytullah/Desktop/3AON 2024-2025/Java/project-BeytullahDuzenliPXL/backend-java/NewsArticlePXL)
2025-01-09T13:45:40.851+0100 DEBUG              [main]                         be.pxl.services.PostServiceApplication - Running with Spring Boot v3.3.5, Spring v6.1.14
2025-01-09T13:45:40.853+0100 INFO               [main]                         be.pxl.services.PostServiceApplication - No active profile set, falling back to 1 default profile: "default"
2025-01-09T13:45:44.275+0100 INFO               [main]                         be.pxl.services.PostServiceApplication - Started PostServiceApplication in 4.292 seconds (process running for 4.761)
2025-01-09T13:47:00.567+0100 INFO               [main]                         be.pxl.services.ReviewServiceApplication - Starting ReviewServiceApplication using Java 17.0.5 with PID 2983 (/Users/betytullah/Desktop/3AON 2024-2025/Java/project-BeytullahDuzenliPXL/backend-java/NewsArticlePXL/review-service/target/classes started by betytullah in /Users/betytullah/Desktop/3AON 2024-2025/Java/project-BeytullahDuzenliPXL/backend-java/NewsArticlePXL)
2025-01-09T13:47:00.568+0100 DEBUG              [main]                         be.pxl.services.ReviewServiceApplication - Running with Spring Boot v3.3.5, Spring v6.1.14
2025-01-09T13:47:00.569+0100 INFO               [main]                         be.pxl.services.ReviewServiceApplication - No active profile set, falling back to 1 default profile: "default"
2025-01-09T13:47:03.305+0100 INFO               [main]                         be.pxl.services.ReviewServiceApplication - Started ReviewServiceApplication in 3.483 seconds (process running for 3.882)
2025-01-09T13:49:27.932+0100 INFO               [main]                         be.pxl.services.PostServiceApplication - Starting PostServiceApplication using Java 17.0.5 with PID 3033 (/Users/betytullah/Desktop/3AON 2024-2025/Java/project-BeytullahDuzenliPXL/backend-java/NewsArticlePXL/post-service/target/classes started by betytullah in /Users/betytullah/Desktop/3AON 2024-2025/Java/project-BeytullahDuzenliPXL/backend-java/NewsArticlePXL)
2025-01-09T13:49:27.933+0100 DEBUG              [main]                         be.pxl.services.PostServiceApplication - Running with Spring Boot v3.3.5, Spring v6.1.14
2025-01-09T13:49:27.933+0100 INFO               [main]                         be.pxl.services.PostServiceApplication - No active profile set, falling back to 1 default profile: "default"
2025-01-09T13:49:31.151+0100 INFO               [main]                         be.pxl.services.PostServiceApplication - Started PostServiceApplication in 3.729 seconds (process running for 4.071)
2025-01-09T13:49:32.937+0100 INFO               [main]                         be.pxl.services.ReviewServiceApplication - Starting ReviewServiceApplication using Java 17.0.5 with PID 3036 (/Users/betytullah/Desktop/3AON 2024-2025/Java/project-BeytullahDuzenliPXL/backend-java/NewsArticlePXL/review-service/target/classes started by betytullah in /Users/betytullah/Desktop/3AON 2024-2025/Java/project-BeytullahDuzenliPXL/backend-java/NewsArticlePXL)
2025-01-09T13:49:32.938+0100 DEBUG              [main]                         be.pxl.services.ReviewServiceApplication - Running with Spring Boot v3.3.5, Spring v6.1.14
2025-01-09T13:49:32.938+0100 INFO               [main]                         be.pxl.services.ReviewServiceApplication - No active profile set, falling back to 1 default profile: "default"
2025-01-09T13:49:35.851+0100 INFO               [main]                         be.pxl.services.ReviewServiceApplication - Started ReviewServiceApplication in 3.44 seconds (process running for 3.748)
2025-01-09T13:54:21.059+0100 INFO               [http-nio-8081-exec-1]         be.pxl.services.services.PostService - Fetching post with ID: 1
2025-01-09T13:54:21.155+0100 INFO               [http-nio-8081-exec-1]         be.pxl.services.services.PostService - Post with ID: 1 fetched successfully
2025-01-09T13:54:21.365+0100 INFO               [org.springframework.amqp.rabbit.RabbitListenerEndpointContainer#0-1] be.pxl.services.services.PostService - Received review message for post ID: 1
2025-01-09T13:54:21.398+0100 INFO               [org.springframework.amqp.rabbit.RabbitListenerEndpointContainer#0-1] be.pxl.services.services.PostService - Updated post ID: 1 with status: PUBLISHED
2025-01-09T13:55:37.441+0100 INFO               [http-nio-8081-exec-5]         be.pxl.services.services.PostService - Fetching post with ID: 1
2025-01-09T13:55:37.460+0100 INFO               [http-nio-8081-exec-5]         be.pxl.services.services.PostService - Post with ID: 1 fetched successfully
2025-01-09T13:55:37.666+0100 INFO               [org.springframework.amqp.rabbit.RabbitListenerEndpointContainer#0-1] be.pxl.services.services.PostService - Received review message for post ID: 1
2025-01-09T13:55:37.680+0100 INFO               [org.springframework.amqp.rabbit.RabbitListenerEndpointContainer#0-1] be.pxl.services.services.PostService - Updated post ID: 1 with status: PUBLISHED
2025-01-09T14:00:41.663+0100 INFO               [http-nio-8081-exec-9]         be.pxl.services.services.PostService - Fetching post with ID: 1
2025-01-09T14:00:41.685+0100 INFO               [http-nio-8081-exec-9]         be.pxl.services.services.PostService - Post with ID: 1 fetched successfully
2025-01-09T14:00:41.943+0100 INFO               [org.springframework.amqp.rabbit.RabbitListenerEndpointContainer#0-1] be.pxl.services.services.PostService - Received review message for post ID: 1
2025-01-09T14:00:41.960+0100 INFO               [org.springframework.amqp.rabbit.RabbitListenerEndpointContainer#0-1] be.pxl.services.services.PostService - Updated post ID: 1 with status: PUBLISHED
2025-01-09T14:02:31.734+0100 INFO               [http-nio-8081-exec-2]         be.pxl.services.services.PostService - Fetching post with ID: 1
2025-01-09T14:02:31.756+0100 INFO               [http-nio-8081-exec-2]         be.pxl.services.services.PostService - Post with ID: 1 fetched successfully
2025-01-09T14:02:31.998+0100 INFO               [org.springframework.amqp.rabbit.RabbitListenerEndpointContainer#0-1] be.pxl.services.services.PostService - Received review message for post ID: 1
2025-01-09T14:02:32.013+0100 INFO               [org.springframework.amqp.rabbit.RabbitListenerEndpointContainer#0-1] be.pxl.services.services.PostService - Updated post ID: 1 with status: PUBLISHED
2025-01-09T14:04:30.873+0100 INFO               [http-nio-8081-exec-5]         be.pxl.services.services.PostService - Fetching post with ID: 1
2025-01-09T14:04:30.893+0100 INFO               [http-nio-8081-exec-5]         be.pxl.services.services.PostService - Post with ID: 1 fetched successfully
2025-01-09T14:04:31.153+0100 INFO               [org.springframework.amqp.rabbit.RabbitListenerEndpointContainer#0-1] be.pxl.services.services.PostService - Received review message for post ID: 1
2025-01-09T14:04:31.166+0100 INFO               [org.springframework.amqp.rabbit.RabbitListenerEndpointContainer#0-1] be.pxl.services.services.PostService - Updated post ID: 1 with status: PUBLISHED
2025-01-09T14:06:30.696+0100 INFO               [http-nio-8081-exec-8]         be.pxl.services.services.PostService - Fetching post with ID: 1
2025-01-09T14:06:30.715+0100 INFO               [http-nio-8081-exec-8]         be.pxl.services.services.PostService - Post with ID: 1 fetched successfully
2025-01-09T14:06:30.962+0100 INFO               [org.springframework.amqp.rabbit.RabbitListenerEndpointContainer#0-1] be.pxl.services.services.PostService - Received review message for post ID: 1
2025-01-09T14:06:30.977+0100 INFO               [org.springframework.amqp.rabbit.RabbitListenerEndpointContainer#0-1] be.pxl.services.services.PostService - Updated post ID: 1 with status: PUBLISHED
2025-01-09T14:08:13.610+0100 INFO               [main]                         be.pxl.services.CommentServiceApplication - Starting CommentServiceApplication using Java 17.0.5 with PID 3368 (/Users/betytullah/Desktop/3AON 2024-2025/Java/project-BeytullahDuzenliPXL/backend-java/NewsArticlePXL/comment-service/target/classes started by betytullah in /Users/betytullah/Desktop/3AON 2024-2025/Java/project-BeytullahDuzenliPXL/backend-java/NewsArticlePXL)
2025-01-09T14:08:13.611+0100 DEBUG              [main]                         be.pxl.services.CommentServiceApplication - Running with Spring Boot v3.3.5, Spring v6.1.14
2025-01-09T14:08:13.612+0100 INFO               [main]                         be.pxl.services.CommentServiceApplication - No active profile set, falling back to 1 default profile: "default"
2025-01-09T14:08:16.761+0100 INFO               [main]                         be.pxl.services.CommentServiceApplication - Started CommentServiceApplication in 3.859 seconds (process running for 4.212)
2025-01-09T15:14:32.253+0100 INFO               [main]                         be.pxl.services.PostServiceApplication - Starting PostServiceApplication using Java 17.0.5 with PID 2290 (/Users/betytullah/Desktop/3AON 2024-2025/Java/project-BeytullahDuzenliPXL/backend-java/NewsArticlePXL/post-service/target/classes started by betytullah in /Users/betytullah/Desktop/3AON 2024-2025/Java/project-BeytullahDuzenliPXL/backend-java/NewsArticlePXL)
2025-01-09T15:14:32.254+0100 DEBUG              [main]                         be.pxl.services.PostServiceApplication - Running with Spring Boot v3.3.5, Spring v6.1.14
2025-01-09T15:14:32.254+0100 INFO               [main]                         be.pxl.services.PostServiceApplication - No active profile set, falling back to 1 default profile: "default"
2025-01-09T15:14:34.455+0100 INFO               [main]                         be.pxl.services.PostServiceApplication - Started PostServiceApplication in 2.563 seconds (process running for 2.872)
2025-01-09T15:14:36.771+0100 INFO               [main]                         be.pxl.services.ReviewServiceApplication - Starting ReviewServiceApplication using Java 17.0.5 with PID 2296 (/Users/betytullah/Desktop/3AON 2024-2025/Java/project-BeytullahDuzenliPXL/backend-java/NewsArticlePXL/review-service/target/classes started by betytullah in /Users/betytullah/Desktop/3AON 2024-2025/Java/project-BeytullahDuzenliPXL/backend-java/NewsArticlePXL)
2025-01-09T15:14:36.771+0100 DEBUG              [main]                         be.pxl.services.ReviewServiceApplication - Running with Spring Boot v3.3.5, Spring v6.1.14
2025-01-09T15:14:36.772+0100 INFO               [main]                         be.pxl.services.ReviewServiceApplication - No active profile set, falling back to 1 default profile: "default"
2025-01-09T15:14:38.397+0100 INFO               [main]                         be.pxl.services.ReviewServiceApplication - Started ReviewServiceApplication in 1.969 seconds (process running for 2.193)
2025-01-09T15:14:40.384+0100 INFO               [main]                         be.pxl.services.CommentServiceApplication - Starting CommentServiceApplication using Java 17.0.5 with PID 2298 (/Users/betytullah/Desktop/3AON 2024-2025/Java/project-BeytullahDuzenliPXL/backend-java/NewsArticlePXL/comment-service/target/classes started by betytullah in /Users/betytullah/Desktop/3AON 2024-2025/Java/project-BeytullahDuzenliPXL/backend-java/NewsArticlePXL)
2025-01-09T15:14:40.385+0100 DEBUG              [main]                         be.pxl.services.CommentServiceApplication - Running with Spring Boot v3.3.5, Spring v6.1.14
2025-01-09T15:14:40.385+0100 INFO               [main]                         be.pxl.services.CommentServiceApplication - No active profile set, falling back to 1 default profile: "default"
2025-01-09T15:14:42.100+0100 INFO               [main]                         be.pxl.services.CommentServiceApplication - Started CommentServiceApplication in 2.046 seconds (process running for 2.27)
2025-01-09T15:41:06.981+0100 INFO               [http-nio-8081-exec-1]         be.pxl.services.services.PostService - Fetching post with ID: 1
2025-01-09T15:41:07.060+0100 INFO               [http-nio-8081-exec-1]         be.pxl.services.services.PostService - Post with ID: 1 fetched successfully
2025-01-09T15:41:07.259+0100 INFO               [org.springframework.amqp.rabbit.RabbitListenerEndpointContainer#0-1] be.pxl.services.services.PostService - Received review message for post ID: 1
2025-01-09T15:41:07.272+0100 INFO               [org.springframework.amqp.rabbit.RabbitListenerEndpointContainer#0-1] be.pxl.services.services.PostService - Updated post ID: 1 with status: PUBLISHED
2025-01-09T18:46:44.342+0100 INFO               [main]                         be.pxl.services.PostServiceApplication - Starting PostServiceApplication using Java 17.0.5 with PID 8096 (/Users/betytullah/Desktop/3AON 2024-2025/Java/project-BeytullahDuzenliPXL/backend-java/NewsArticlePXL/post-service/target/classes started by betytullah in /Users/betytullah/Desktop/3AON 2024-2025/Java/project-BeytullahDuzenliPXL/backend-java/NewsArticlePXL)
2025-01-09T18:46:44.343+0100 DEBUG              [main]                         be.pxl.services.PostServiceApplication - Running with Spring Boot v3.3.5, Spring v6.1.14
2025-01-09T18:46:44.344+0100 INFO               [main]                         be.pxl.services.PostServiceApplication - No active profile set, falling back to 1 default profile: "default"
2025-01-09T18:46:47.614+0100 INFO               [main]                         be.pxl.services.PostServiceApplication - Started PostServiceApplication in 3.983 seconds (process running for 4.624)
2025-01-09T18:46:56.263+0100 INFO               [main]                         be.pxl.services.ReviewServiceApplication - Starting ReviewServiceApplication using Java 17.0.5 with PID 8105 (/Users/betytullah/Desktop/3AON 2024-2025/Java/project-BeytullahDuzenliPXL/backend-java/NewsArticlePXL/review-service/target/classes started by betytullah in /Users/betytullah/Desktop/3AON 2024-2025/Java/project-BeytullahDuzenliPXL/backend-java/NewsArticlePXL)
2025-01-09T18:46:56.264+0100 DEBUG              [main]                         be.pxl.services.ReviewServiceApplication - Running with Spring Boot v3.3.5, Spring v6.1.14
2025-01-09T18:46:56.264+0100 INFO               [main]                         be.pxl.services.ReviewServiceApplication - No active profile set, falling back to 1 default profile: "default"
2025-01-09T18:46:58.074+0100 INFO               [main]                         be.pxl.services.CommentServiceApplication - Starting CommentServiceApplication using Java 17.0.5 with PID 8107 (/Users/betytullah/Desktop/3AON 2024-2025/Java/project-BeytullahDuzenliPXL/backend-java/NewsArticlePXL/comment-service/target/classes started by betytullah in /Users/betytullah/Desktop/3AON 2024-2025/Java/project-BeytullahDuzenliPXL/backend-java/NewsArticlePXL)
2025-01-09T18:46:58.075+0100 DEBUG              [main]                         be.pxl.services.CommentServiceApplication - Running with Spring Boot v3.3.5, Spring v6.1.14
2025-01-09T18:46:58.075+0100 INFO               [main]                         be.pxl.services.CommentServiceApplication - No active profile set, falling back to 1 default profile: "default"
2025-01-09T18:47:00.261+0100 INFO               [main]                         be.pxl.services.ReviewServiceApplication - Started ReviewServiceApplication in 4.717 seconds (process running for 5.158)
2025-01-09T18:47:01.339+0100 INFO               [main]                         be.pxl.services.CommentServiceApplication - Started CommentServiceApplication in 4.009 seconds (process running for 4.603)
